Arguments: 
  C:\Program Files\nodejs\node.exe C:\Users\Rogério\AppData\Roaming\npm\node_modules\yarn\bin\yarn.js add --dev istambul

PATH: 
  C:\Python310\Scripts\;C:\Python310\;C:\Program Files (x86)\Intel\iCLS Client\;C:\Program Files\Intel\iCLS Client\;C:\Program Files (x86)\Common Files\Intel\Shared Files\cpp\bin\Intel64;C:\Windows\system32;C:\Windows;C:\Windows\System32\Wbem;C:\Windows\System32\WindowsPowerShell\v1.0\;C:\Program Files\Intel\Intel(R) Management Engine Components\DAL;C:\Program Files\Intel\Intel(R) Management Engine Components\IPT;C:\Program Files (x86)\Intel\Intel(R) Management Engine Components\DAL;C:\Program Files (x86)\Intel\Intel(R) Management Engine Components\IPT;C:\Program Files\nodejs\;C:\ProgramData\chocolatey\bin;C:\Program Files\Git\cmd;C:\Users\Rogério\AppData\Local\Programs\Microsoft VS Code\bin;C:\Users\Rogério\AppData\Roaming\npm;C:\Users\Rogério\AppData\Local\GitHubDesktop\bin

Yarn version: 
  1.22.17

Node version: 
  16.13.0

Platform: 
  win32 x64

Trace: 
  Error: https://registry.yarnpkg.com/istambul: Not found
      at Request.params.callback [as _callback] (C:\Users\Rogério\AppData\Roaming\npm\node_modules\yarn\lib\cli.js:67029:18)
      at Request.self.callback (C:\Users\Rogério\AppData\Roaming\npm\node_modules\yarn\lib\cli.js:140883:22)
      at Request.emit (node:events:390:28)
      at Request.<anonymous> (C:\Users\Rogério\AppData\Roaming\npm\node_modules\yarn\lib\cli.js:141855:10)
      at Request.emit (node:events:390:28)
      at IncomingMessage.<anonymous> (C:\Users\Rogério\AppData\Roaming\npm\node_modules\yarn\lib\cli.js:141777:12)
      at Object.onceWrapper (node:events:509:28)
      at IncomingMessage.emit (node:events:402:35)
      at endReadableNT (node:internal/streams/readable:1343:12)
      at processTicksAndRejections (node:internal/process/task_queues:83:21)

npm manifest: 
  {
    "name": "tabuada",
    "version": "1.0.0",
    "description": "",
    "main": "index.js",
    "scripts": {
      "test": "node_modules\\.bin\\mocha --reporter spec **/*.test.js",
      "coverage": "node_modules\\.bin\\nyc mocha --reporter spec **/*.test.js",
      "start": "node index.js"
    },
    "keywords": [],
    "author": "",
    "license": "ISC",
    "dependencies": {
      "ejs": "^3.1.6",
      "express": "^4.17.2"
    },
    "devDependencies": {
      "chai": "4.1.1",
      "mocha": "^3.5.0",
      "sinon": "2.4.1"
    }
  }

yarn manifest: 
  No manifest

Lockfile: 
  # THIS IS AN AUTOGENERATED FILE. DO NOT EDIT THIS FILE DIRECTLY.
  # yarn lockfile v1
  
  
  "accepts@~1.3.7":
    "integrity" "sha512-Il80Qs2WjYlJIBNzNkK6KYqlVMTbZLXgHx2oT0pU/fjRHyEp+PEfEPY0R3WCwAGVOtauxh1hOxNgIf5bv7dQpA=="
    "resolved" "https://registry.npmjs.org/accepts/-/accepts-1.3.7.tgz"
    "version" "1.3.7"
    dependencies:
      "mime-types" "~2.1.24"
      "negotiator" "0.6.2"
  
  "ansi-styles@^3.2.1":
    "integrity" "sha512-VT0ZI6kZRdTh8YyJw3SMbYm/u+NqfsAxEpWO0Pf9sq8/e94WxxOpPKx9FR1FlyCtOVDNOQ+8ntlqFxiRc+r5qA=="
    "resolved" "https://registry.npmjs.org/ansi-styles/-/ansi-styles-3.2.1.tgz"
    "version" "3.2.1"
    dependencies:
      "color-convert" "^1.9.0"
  
  "array-flatten@1.1.1":
    "integrity" "sha1-ml9pkFGx5wczKPKgCJaLZOopVdI="
    "resolved" "https://registry.npmjs.org/array-flatten/-/array-flatten-1.1.1.tgz"
    "version" "1.1.1"
  
  "assertion-error@^1.0.1":
    "integrity" "sha512-jgsaNduz+ndvGyFt3uSuWqvy4lCnIJiovtouQN5JZHOKCS2QuhEdbcQHFhVksz2N2U9hXJo8odG7ETyWlEeuDw=="
    "resolved" "https://registry.npmjs.org/assertion-error/-/assertion-error-1.1.0.tgz"
    "version" "1.1.0"
  
  "async@0.9.x":
    "integrity" "sha1-rqdNXmHB+JlhO/ZL2mbUx48v0X0="
    "resolved" "https://registry.npmjs.org/async/-/async-0.9.2.tgz"
    "version" "0.9.2"
  
  "balanced-match@^1.0.0":
    "integrity" "sha512-3oSeUO0TMV67hN1AmbXsK4yaqU7tjiHlbxRDZOpH0KW9+CeX4bRAaX0Anxt0tx2MrpRpWwQaPwIlISEJhYU5Pw=="
    "resolved" "https://registry.npmjs.org/balanced-match/-/balanced-match-1.0.2.tgz"
    "version" "1.0.2"
  
  "body-parser@1.19.1":
    "integrity" "sha512-8ljfQi5eBk8EJfECMrgqNGWPEY5jWP+1IzkzkGdFFEwFQZZyaZ21UqdaHktgiMlH0xLHqIFtE/u2OYE5dOtViA=="
    "resolved" "https://registry.npmjs.org/body-parser/-/body-parser-1.19.1.tgz"
    "version" "1.19.1"
    dependencies:
      "bytes" "3.1.1"
      "content-type" "~1.0.4"
      "debug" "2.6.9"
      "depd" "~1.1.2"
      "http-errors" "1.8.1"
      "iconv-lite" "0.4.24"
      "on-finished" "~2.3.0"
      "qs" "6.9.6"
      "raw-body" "2.4.2"
      "type-is" "~1.6.18"
  
  "brace-expansion@^1.1.7":
    "integrity" "sha512-iCuPHDFgrHX7H2vEI/5xpz07zSHB00TpugqhmYtVmMO6518mCuRMoOYFldEBl0g187ufozdaHgWKcYFb61qGiA=="
    "resolved" "https://registry.npmjs.org/brace-expansion/-/brace-expansion-1.1.11.tgz"
    "version" "1.1.11"
    dependencies:
      "balanced-match" "^1.0.0"
      "concat-map" "0.0.1"
  
  "browser-stdout@1.3.0":
    "integrity" "sha1-81HTKWnTL6XXpVZxVCY9korjvR8="
    "resolved" "https://registry.npmjs.org/browser-stdout/-/browser-stdout-1.3.0.tgz"
    "version" "1.3.0"
  
  "bytes@3.1.1":
    "integrity" "sha512-dWe4nWO/ruEOY7HkUJ5gFt1DCFV9zPRoJr8pV0/ASQermOZjtq8jMjOprC0Kd10GLN+l7xaUPvxzJFWtxGu8Fg=="
    "resolved" "https://registry.npmjs.org/bytes/-/bytes-3.1.1.tgz"
    "version" "3.1.1"
  
  "chai@4.1.1":
    "integrity" "sha1-ZuISeebzxkFf+CMYeCJ5AOIXGzk="
    "resolved" "https://registry.npmjs.org/chai/-/chai-4.1.1.tgz"
    "version" "4.1.1"
    dependencies:
      "assertion-error" "^1.0.1"
      "check-error" "^1.0.1"
      "deep-eql" "^2.0.1"
      "get-func-name" "^2.0.0"
      "pathval" "^1.0.0"
      "type-detect" "^4.0.0"
  
  "chalk@^2.4.2":
    "integrity" "sha512-Mti+f9lpJNcwF4tWV8/OrTTtF1gZi+f8FqlyAdouralcFWFQWF2+NgCHShjkCb+IFBLq9buZwE1xckQU4peSuQ=="
    "resolved" "https://registry.npmjs.org/chalk/-/chalk-2.4.2.tgz"
    "version" "2.4.2"
    dependencies:
      "ansi-styles" "^3.2.1"
      "escape-string-regexp" "^1.0.5"
      "supports-color" "^5.3.0"
  
  "check-error@^1.0.1":
    "integrity" "sha1-V00xLt2Iu13YkS6Sht1sCu1KrII="
    "resolved" "https://registry.npmjs.org/check-error/-/check-error-1.0.2.tgz"
    "version" "1.0.2"
  
  "color-convert@^1.9.0":
    "integrity" "sha512-QfAUtd+vFdAtFQcC8CCyYt1fYWxSqAiK2cSD6zDB8N3cpsEBAvRxp9zOGg6G/SHHJYAT88/az/IuDGALsNVbGg=="
    "resolved" "https://registry.npmjs.org/color-convert/-/color-convert-1.9.3.tgz"
    "version" "1.9.3"
    dependencies:
      "color-name" "1.1.3"
  
  "color-name@1.1.3":
    "integrity" "sha1-p9BVi9icQveV3UIyj3QIMcpTvCU="
    "resolved" "https://registry.npmjs.org/color-name/-/color-name-1.1.3.tgz"
    "version" "1.1.3"
  
  "commander@2.9.0":
    "integrity" "sha1-nJkJQXbhIkDLItbFFGCYQA/g99Q="
    "resolved" "https://registry.npmjs.org/commander/-/commander-2.9.0.tgz"
    "version" "2.9.0"
    dependencies:
      "graceful-readlink" ">= 1.0.0"
  
  "concat-map@0.0.1":
    "integrity" "sha1-2Klr13/Wjfd5OnMDajug1UBdR3s="
    "resolved" "https://registry.npmjs.org/concat-map/-/concat-map-0.0.1.tgz"
    "version" "0.0.1"
  
  "content-disposition@0.5.4":
    "integrity" "sha512-FveZTNuGw04cxlAiWbzi6zTAL/lhehaWbTtgluJh4/E95DqMwTmha3KZN1aAWA8cFIhHzMZUvLevkw5Rqk+tSQ=="
    "resolved" "https://registry.npmjs.org/content-disposition/-/content-disposition-0.5.4.tgz"
    "version" "0.5.4"
    dependencies:
      "safe-buffer" "5.2.1"
  
  "content-type@~1.0.4":
    "integrity" "sha512-hIP3EEPs8tB9AT1L+NUqtwOAps4mk2Zob89MWXMHjHWg9milF/j4osnnQLXBCBFBk/tvIG/tUc9mOUJiPBhPXA=="
    "resolved" "https://registry.npmjs.org/content-type/-/content-type-1.0.4.tgz"
    "version" "1.0.4"
  
  "cookie-signature@1.0.6":
    "integrity" "sha1-4wOogrNCzD7oylE6eZmXNNqzriw="
    "resolved" "https://registry.npmjs.org/cookie-signature/-/cookie-signature-1.0.6.tgz"
    "version" "1.0.6"
  
  "cookie@0.4.1":
    "integrity" "sha512-ZwrFkGJxUR3EIoXtO+yVE69Eb7KlixbaeAWfBQB9vVsNn/o+Yw69gBWSSDK825hQNdN+wF8zELf3dFNl/kxkUA=="
    "resolved" "https://registry.npmjs.org/cookie/-/cookie-0.4.1.tgz"
    "version" "0.4.1"
  
  "debug@2.6.8":
    "integrity" "sha1-5zFTHKLt4n0YgiJCfaF4IdaP9Pw="
    "resolved" "https://registry.npmjs.org/debug/-/debug-2.6.8.tgz"
    "version" "2.6.8"
    dependencies:
      "ms" "2.0.0"
  
  "debug@2.6.9":
    "integrity" "sha512-bC7ElrdJaJnPbAP+1EotYvqZsb3ecl5wi6Bfi6BJTUcNowp6cvspg0jXznRTKDjm/E7AdgFBVeAPVMNcKGsHMA=="
    "resolved" "https://registry.npmjs.org/debug/-/debug-2.6.9.tgz"
    "version" "2.6.9"
    dependencies:
      "ms" "2.0.0"
  
  "deep-eql@^2.0.1":
    "integrity" "sha1-sbrAblbwp2d3aG1Qyf63XC7XZ5o="
    "resolved" "https://registry.npmjs.org/deep-eql/-/deep-eql-2.0.2.tgz"
    "version" "2.0.2"
    dependencies:
      "type-detect" "^3.0.0"
  
  "depd@~1.1.2":
    "integrity" "sha1-m81S4UwJd2PnSbJ0xDRu0uVgtak="
    "resolved" "https://registry.npmjs.org/depd/-/depd-1.1.2.tgz"
    "version" "1.1.2"
  
  "destroy@~1.0.4":
    "integrity" "sha1-l4hXRCxEdJ5CBmE+N5RiBYJqvYA="
    "resolved" "https://registry.npmjs.org/destroy/-/destroy-1.0.4.tgz"
    "version" "1.0.4"
  
  "diff@^3.1.0", "diff@3.2.0":
    "integrity" "sha1-yc45Okt8vQsFinJck98pkCeGj/k="
    "resolved" "https://registry.npmjs.org/diff/-/diff-3.2.0.tgz"
    "version" "3.2.0"
  
  "ee-first@1.1.1":
    "integrity" "sha1-WQxhFWsK4vTwJVcyoViyZrxWsh0="
    "resolved" "https://registry.npmjs.org/ee-first/-/ee-first-1.1.1.tgz"
    "version" "1.1.1"
  
  "ejs@^3.1.6":
    "integrity" "sha512-9lt9Zse4hPucPkoP7FHDF0LQAlGyF9JVpnClFLFH3aSSbxmyoqINRpp/9wePWJTUl4KOQwRL72Iw3InHPDkoGw=="
    "resolved" "https://registry.npmjs.org/ejs/-/ejs-3.1.6.tgz"
    "version" "3.1.6"
    dependencies:
      "jake" "^10.6.1"
  
  "encodeurl@~1.0.2":
    "integrity" "sha1-rT/0yG7C0CkyL1oCw6mmBslbP1k="
    "resolved" "https://registry.npmjs.org/encodeurl/-/encodeurl-1.0.2.tgz"
    "version" "1.0.2"
  
  "escape-html@~1.0.3":
    "integrity" "sha1-Aljq5NPQwJdN4cFpGI7wBR0dGYg="
    "resolved" "https://registry.npmjs.org/escape-html/-/escape-html-1.0.3.tgz"
    "version" "1.0.3"
  
  "escape-string-regexp@^1.0.5", "escape-string-regexp@1.0.5":
    "integrity" "sha1-G2HAViGQqN/2rjuyzwIAyhMLhtQ="
    "resolved" "https://registry.npmjs.org/escape-string-regexp/-/escape-string-regexp-1.0.5.tgz"
    "version" "1.0.5"
  
  "etag@~1.8.1":
    "integrity" "sha1-Qa4u62XvpiJorr/qg6x9eSmbCIc="
    "resolved" "https://registry.npmjs.org/etag/-/etag-1.8.1.tgz"
    "version" "1.8.1"
  
  "express@^4.17.2":
    "integrity" "sha512-oxlxJxcQlYwqPWKVJJtvQiwHgosH/LrLSPA+H4UxpyvSS6jC5aH+5MoHFM+KABgTOt0APue4w66Ha8jCUo9QGg=="
    "resolved" "https://registry.npmjs.org/express/-/express-4.17.2.tgz"
    "version" "4.17.2"
    dependencies:
      "accepts" "~1.3.7"
      "array-flatten" "1.1.1"
      "body-parser" "1.19.1"
      "content-disposition" "0.5.4"
      "content-type" "~1.0.4"
      "cookie" "0.4.1"
      "cookie-signature" "1.0.6"
      "debug" "2.6.9"
      "depd" "~1.1.2"
      "encodeurl" "~1.0.2"
      "escape-html" "~1.0.3"
      "etag" "~1.8.1"
      "finalhandler" "~1.1.2"
      "fresh" "0.5.2"
      "merge-descriptors" "1.0.1"
      "methods" "~1.1.2"
      "on-finished" "~2.3.0"
      "parseurl" "~1.3.3"
      "path-to-regexp" "0.1.7"
      "proxy-addr" "~2.0.7"
      "qs" "6.9.6"
      "range-parser" "~1.2.1"
      "safe-buffer" "5.2.1"
      "send" "0.17.2"
      "serve-static" "1.14.2"
      "setprototypeof" "1.2.0"
      "statuses" "~1.5.0"
      "type-is" "~1.6.18"
      "utils-merge" "1.0.1"
      "vary" "~1.1.2"
  
  "filelist@^1.0.1":
    "integrity" "sha512-z7O0IS8Plc39rTCq6i6iHxk43duYOn8uFJiWSewIq0Bww1RNybVHSCjahmcC87ZqAm4OTvFzlzeGu3XAzG1ctQ=="
    "resolved" "https://registry.npmjs.org/filelist/-/filelist-1.0.2.tgz"
    "version" "1.0.2"
    dependencies:
      "minimatch" "^3.0.4"
  
  "finalhandler@~1.1.2":
    "integrity" "sha512-aAWcW57uxVNrQZqFXjITpW3sIUQmHGG3qSb9mUah9MgMC4NeWhNOlNjXEYq3HjRAvL6arUviZGGJsBg6z0zsWA=="
    "resolved" "https://registry.npmjs.org/finalhandler/-/finalhandler-1.1.2.tgz"
    "version" "1.1.2"
    dependencies:
      "debug" "2.6.9"
      "encodeurl" "~1.0.2"
      "escape-html" "~1.0.3"
      "on-finished" "~2.3.0"
      "parseurl" "~1.3.3"
      "statuses" "~1.5.0"
      "unpipe" "~1.0.0"
  
  "formatio@1.2.0":
    "integrity" "sha1-87IWfZBoxGmKjVH092CjmlTYGOs="
    "resolved" "https://registry.npmjs.org/formatio/-/formatio-1.2.0.tgz"
    "version" "1.2.0"
    dependencies:
      "samsam" "1.x"
  
  "forwarded@0.2.0":
    "integrity" "sha512-buRG0fpBtRHSTCOASe6hD258tEubFoRLb4ZNA6NxMVHNw2gOcwHo9wyablzMzOA5z9xA9L1KNjk/Nt6MT9aYow=="
    "resolved" "https://registry.npmjs.org/forwarded/-/forwarded-0.2.0.tgz"
    "version" "0.2.0"
  
  "fresh@0.5.2":
    "integrity" "sha1-PYyt2Q2XZWn6g1qx+OSyOhBWBac="
    "resolved" "https://registry.npmjs.org/fresh/-/fresh-0.5.2.tgz"
    "version" "0.5.2"
  
  "fs.realpath@^1.0.0":
    "integrity" "sha1-FQStJSMVjKpA20onh8sBQRmU6k8="
    "resolved" "https://registry.npmjs.org/fs.realpath/-/fs.realpath-1.0.0.tgz"
    "version" "1.0.0"
  
  "get-func-name@^2.0.0":
    "integrity" "sha1-6td0q+5y4gQJQzoGY2YCPdaIekE="
    "resolved" "https://registry.npmjs.org/get-func-name/-/get-func-name-2.0.0.tgz"
    "version" "2.0.0"
  
  "glob@7.1.1":
    "integrity" "sha1-gFIR3wT6rxxjo2ADBs31reULLsg="
    "resolved" "https://registry.npmjs.org/glob/-/glob-7.1.1.tgz"
    "version" "7.1.1"
    dependencies:
      "fs.realpath" "^1.0.0"
      "inflight" "^1.0.4"
      "inherits" "2"
      "minimatch" "^3.0.2"
      "once" "^1.3.0"
      "path-is-absolute" "^1.0.0"
  
  "graceful-readlink@>= 1.0.0":
    "integrity" "sha1-TK+tdrxi8C+gObL5Tpo906ORpyU="
    "resolved" "https://registry.npmjs.org/graceful-readlink/-/graceful-readlink-1.0.1.tgz"
    "version" "1.0.1"
  
  "growl@1.9.2":
    "integrity" "sha1-Dqd0NxXbjY3ixe3hd14bRayFwC8="
    "resolved" "https://registry.npmjs.org/growl/-/growl-1.9.2.tgz"
    "version" "1.9.2"
  
  "has-flag@^1.0.0":
    "integrity" "sha1-nZ55MWXOAXoA8AQYxD+UKnsdEfo="
    "resolved" "https://registry.npmjs.org/has-flag/-/has-flag-1.0.0.tgz"
    "version" "1.0.0"
  
  "has-flag@^3.0.0":
    "integrity" "sha1-tdRU3CGZriJWmfNGfloH87lVuv0="
    "resolved" "https://registry.npmjs.org/has-flag/-/has-flag-3.0.0.tgz"
    "version" "3.0.0"
  
  "http-errors@1.8.1":
    "integrity" "sha512-Kpk9Sm7NmI+RHhnj6OIWDI1d6fIoFAtFt9RLaTMRlg/8w49juAStsrBgp0Dp4OdxdVbRIeKhtCUvoi/RuAhO4g=="
    "resolved" "https://registry.npmjs.org/http-errors/-/http-errors-1.8.1.tgz"
    "version" "1.8.1"
    dependencies:
      "depd" "~1.1.2"
      "inherits" "2.0.4"
      "setprototypeof" "1.2.0"
      "statuses" ">= 1.5.0 < 2"
      "toidentifier" "1.0.1"
  
  "iconv-lite@0.4.24":
    "integrity" "sha512-v3MXnZAcvnywkTUEZomIActle7RXXeedOR31wwl7VlyoXO4Qi9arvSenNQWne1TcRwhCL1HwLI21bEqdpj8/rA=="
    "resolved" "https://registry.npmjs.org/iconv-lite/-/iconv-lite-0.4.24.tgz"
    "version" "0.4.24"
    dependencies:
      "safer-buffer" ">= 2.1.2 < 3"
  
  "inflight@^1.0.4":
    "integrity" "sha1-Sb1jMdfQLQwJvJEKEHW6gWW1bfk="
    "resolved" "https://registry.npmjs.org/inflight/-/inflight-1.0.6.tgz"
    "version" "1.0.6"
    dependencies:
      "once" "^1.3.0"
      "wrappy" "1"
  
  "inherits@2", "inherits@2.0.4":
    "integrity" "sha512-k/vGaX4/Yla3WzyMCvTQOXYeIHvqOKtnqBduzTHpzpQZzAskKMhZ2K+EnBiSM9zGSoIFeMpXKxa4dYeZIQqewQ=="
    "resolved" "https://registry.npmjs.org/inherits/-/inherits-2.0.4.tgz"
    "version" "2.0.4"
  
  "ipaddr.js@1.9.1":
    "integrity" "sha512-0KI/607xoxSToH7GjN1FfSbLoU0+btTicjsQSWQlh/hZykN8KpmMf7uYwPW3R+akZ6R/w18ZlXSHBYXiYUPO3g=="
    "resolved" "https://registry.npmjs.org/ipaddr.js/-/ipaddr.js-1.9.1.tgz"
    "version" "1.9.1"
  
  "isarray@0.0.1":
    "integrity" "sha1-ihis/Kmo9Bd+Cav8YDiTmwXR7t8="
    "resolved" "https://registry.npmjs.org/isarray/-/isarray-0.0.1.tgz"
    "version" "0.0.1"
  
  "jake@^10.6.1":
    "integrity" "sha512-eLpKyrfG3mzvGE2Du8VoPbeSkRry093+tyNjdYaBbJS9v17knImYGNXQCUV0gLxQtF82m3E8iRb/wdSQZLoq7A=="
    "resolved" "https://registry.npmjs.org/jake/-/jake-10.8.2.tgz"
    "version" "10.8.2"
    dependencies:
      "async" "0.9.x"
      "chalk" "^2.4.2"
      "filelist" "^1.0.1"
      "minimatch" "^3.0.4"
  
  "json3@3.3.2":
    "integrity" "sha1-PAQ0dD35Pi9cQq7nsZvLSDV19OE="
    "resolved" "https://registry.npmjs.org/json3/-/json3-3.3.2.tgz"
    "version" "3.3.2"
  
  "lodash._baseassign@^3.0.0":
    "integrity" "sha1-jDigmVAPIVrQnlnxci/QxSv+Ck4="
    "resolved" "https://registry.npmjs.org/lodash._baseassign/-/lodash._baseassign-3.2.0.tgz"
    "version" "3.2.0"
    dependencies:
      "lodash._basecopy" "^3.0.0"
      "lodash.keys" "^3.0.0"
  
  "lodash._basecopy@^3.0.0":
    "integrity" "sha1-jaDmqHbPNEwK2KVIghEd08XHyjY="
    "resolved" "https://registry.npmjs.org/lodash._basecopy/-/lodash._basecopy-3.0.1.tgz"
    "version" "3.0.1"
  
  "lodash._basecreate@^3.0.0":
    "integrity" "sha1-G8ZhYU2qf8MRt9A78WgGoCE8+CE="
    "resolved" "https://registry.npmjs.org/lodash._basecreate/-/lodash._basecreate-3.0.3.tgz"
    "version" "3.0.3"
  
  "lodash._getnative@^3.0.0":
    "integrity" "sha1-VwvH3t5G1hzc3mh9ZdPuy6o6r/U="
    "resolved" "https://registry.npmjs.org/lodash._getnative/-/lodash._getnative-3.9.1.tgz"
    "version" "3.9.1"
  
  "lodash._isiterateecall@^3.0.0":
    "integrity" "sha1-UgOte6Ql+uhCRg5pbbnPPmqsBXw="
    "resolved" "https://registry.npmjs.org/lodash._isiterateecall/-/lodash._isiterateecall-3.0.9.tgz"
    "version" "3.0.9"
  
  "lodash.create@3.1.1":
    "integrity" "sha1-1/KEnw29p+BGgruM1yqwIkYd6+c="
    "resolved" "https://registry.npmjs.org/lodash.create/-/lodash.create-3.1.1.tgz"
    "version" "3.1.1"
    dependencies:
      "lodash._baseassign" "^3.0.0"
      "lodash._basecreate" "^3.0.0"
      "lodash._isiterateecall" "^3.0.0"
  
  "lodash.isarguments@^3.0.0":
    "integrity" "sha1-L1c9hcaiQon/AGY7SRwdM4/zRYo="
    "resolved" "https://registry.npmjs.org/lodash.isarguments/-/lodash.isarguments-3.1.0.tgz"
    "version" "3.1.0"
  
  "lodash.isarray@^3.0.0":
    "integrity" "sha1-eeTriMNqgSKvhvhEqpvNhRtfu1U="
    "resolved" "https://registry.npmjs.org/lodash.isarray/-/lodash.isarray-3.0.4.tgz"
    "version" "3.0.4"
  
  "lodash.keys@^3.0.0":
    "integrity" "sha1-TbwEcrFWvlCgsoaFXRvQsMZWCYo="
    "resolved" "https://registry.npmjs.org/lodash.keys/-/lodash.keys-3.1.2.tgz"
    "version" "3.1.2"
    dependencies:
      "lodash._getnative" "^3.0.0"
      "lodash.isarguments" "^3.0.0"
      "lodash.isarray" "^3.0.0"
  
  "lolex@^1.6.0":
    "integrity" "sha1-OpoCg0UqR9dDnnJzG54H1zhuSfY="
    "resolved" "https://registry.npmjs.org/lolex/-/lolex-1.6.0.tgz"
    "version" "1.6.0"
  
  "media-typer@0.3.0":
    "integrity" "sha1-hxDXrwqmJvj/+hzgAWhUUmMlV0g="
    "resolved" "https://registry.npmjs.org/media-typer/-/media-typer-0.3.0.tgz"
    "version" "0.3.0"
  
  "merge-descriptors@1.0.1":
    "integrity" "sha1-sAqqVW3YtEVoFQ7J0blT8/kMu2E="
    "resolved" "https://registry.npmjs.org/merge-descriptors/-/merge-descriptors-1.0.1.tgz"
    "version" "1.0.1"
  
  "methods@~1.1.2":
    "integrity" "sha1-VSmk1nZUE07cxSZmVoNbD4Ua/O4="
    "resolved" "https://registry.npmjs.org/methods/-/methods-1.1.2.tgz"
    "version" "1.1.2"
  
  "mime-db@1.51.0":
    "integrity" "sha512-5y8A56jg7XVQx2mbv1lu49NR4dokRnhZYTtL+KGfaa27uq4pSTXkwQkFJl4pkRMyNFz/EtYDSkiiEHx3F7UN6g=="
    "resolved" "https://registry.npmjs.org/mime-db/-/mime-db-1.51.0.tgz"
    "version" "1.51.0"
  
  "mime-types@~2.1.24":
    "integrity" "sha512-6cP692WwGIs9XXdOO4++N+7qjqv0rqxxVvJ3VHPh/Sc9mVZcQP+ZGhkKiTvWMQRr2tbHkJP/Yn7Y0npb3ZBs4A=="
    "resolved" "https://registry.npmjs.org/mime-types/-/mime-types-2.1.34.tgz"
    "version" "2.1.34"
    dependencies:
      "mime-db" "1.51.0"
  
  "mime@1.6.0":
    "integrity" "sha512-x0Vn8spI+wuJ1O6S7gnbaQg8Pxh4NNHb7KSINmEWKiPE4RKOplvijn+NkmYmmRgP68mc70j2EbeTFRsrswaQeg=="
    "resolved" "https://registry.npmjs.org/mime/-/mime-1.6.0.tgz"
    "version" "1.6.0"
  
  "minimatch@^3.0.2", "minimatch@^3.0.4":
    "integrity" "sha512-yJHVQEhyqPLUTgt9B83PXu6W3rx4MvvHvSUvToogpwoGDOUQ+yDrR0HRot+yOCdCO7u4hX3pWft6kWBBcqh0UA=="
    "resolved" "https://registry.npmjs.org/minimatch/-/minimatch-3.0.4.tgz"
    "version" "3.0.4"
    dependencies:
      "brace-expansion" "^1.1.7"
  
  "minimist@0.0.8":
    "integrity" "sha1-hX/Kv8M5fSYluCKCYuhqp6ARsF0="
    "resolved" "https://registry.npmjs.org/minimist/-/minimist-0.0.8.tgz"
    "version" "0.0.8"
  
  "mkdirp@0.5.1":
    "integrity" "sha1-MAV0OOrGz3+MR2fzhkjWaX11yQM="
    "resolved" "https://registry.npmjs.org/mkdirp/-/mkdirp-0.5.1.tgz"
    "version" "0.5.1"
    dependencies:
      "minimist" "0.0.8"
  
  "mocha@^3.5.0":
    "integrity" "sha512-pIU2PJjrPYvYRqVpjXzj76qltO9uBYI7woYAMoxbSefsa+vqAfptjoeevd6bUgwD0mPIO+hv9f7ltvsNreL2PA=="
    "resolved" "https://registry.npmjs.org/mocha/-/mocha-3.5.0.tgz"
    "version" "3.5.0"
    dependencies:
      "browser-stdout" "1.3.0"
      "commander" "2.9.0"
      "debug" "2.6.8"
      "diff" "3.2.0"
      "escape-string-regexp" "1.0.5"
      "glob" "7.1.1"
      "growl" "1.9.2"
      "json3" "3.3.2"
      "lodash.create" "3.1.1"
      "mkdirp" "0.5.1"
      "supports-color" "3.1.2"
  
  "ms@2.0.0":
    "integrity" "sha1-VgiurfwAvmwpAd9fmGF4jeDVl8g="
    "resolved" "https://registry.npmjs.org/ms/-/ms-2.0.0.tgz"
    "version" "2.0.0"
  
  "ms@2.1.3":
    "integrity" "sha512-6FlzubTLZG3J2a/NVCAleEhjzq5oxgHyaCU9yYXvcLsvoVaHJq/s5xXI6/XXP6tz7R9xAOtHnSO/tXtF3WRTlA=="
    "resolved" "https://registry.npmjs.org/ms/-/ms-2.1.3.tgz"
    "version" "2.1.3"
  
  "native-promise-only@^0.8.1":
    "integrity" "sha1-IKMYwwy0X3H+et+/eyHJnBRy7xE="
    "resolved" "https://registry.npmjs.org/native-promise-only/-/native-promise-only-0.8.1.tgz"
    "version" "0.8.1"
  
  "negotiator@0.6.2":
    "integrity" "sha512-hZXc7K2e+PgeI1eDBe/10Ard4ekbfrrqG8Ep+8Jmf4JID2bNg7NvCPOZN+kfF574pFQI7mum2AUqDidoKqcTOw=="
    "resolved" "https://registry.npmjs.org/negotiator/-/negotiator-0.6.2.tgz"
    "version" "0.6.2"
  
  "on-finished@~2.3.0":
    "integrity" "sha1-IPEzZIGwg811M3mSoWlxqi2QaUc="
    "resolved" "https://registry.npmjs.org/on-finished/-/on-finished-2.3.0.tgz"
    "version" "2.3.0"
    dependencies:
      "ee-first" "1.1.1"
  
  "once@^1.3.0":
    "integrity" "sha1-WDsap3WWHUsROsF9nFC6753Xa9E="
    "resolved" "https://registry.npmjs.org/once/-/once-1.4.0.tgz"
    "version" "1.4.0"
    dependencies:
      "wrappy" "1"
  
  "parseurl@~1.3.3":
    "integrity" "sha512-CiyeOxFT/JZyN5m0z9PfXw4SCBJ6Sygz1Dpl0wqjlhDEGGBP1GnsUVEL0p63hoG1fcj3fHynXi9NYO4nWOL+qQ=="
    "resolved" "https://registry.npmjs.org/parseurl/-/parseurl-1.3.3.tgz"
    "version" "1.3.3"
  
  "path-is-absolute@^1.0.0":
    "integrity" "sha1-F0uSaHNVNP+8es5r9TpanhtcX18="
    "resolved" "https://registry.npmjs.org/path-is-absolute/-/path-is-absolute-1.0.1.tgz"
    "version" "1.0.1"
  
  "path-to-regexp@^1.7.0":
    "integrity" "sha512-n43JRhlUKUAlibEJhPeir1ncUID16QnEjNpwzNdO3Lm4ywrBpBZ5oLD0I6br9evr1Y9JTqwRtAh7JLoOzAQdVA=="
    "resolved" "https://registry.npmjs.org/path-to-regexp/-/path-to-regexp-1.8.0.tgz"
    "version" "1.8.0"
    dependencies:
      "isarray" "0.0.1"
  
  "path-to-regexp@0.1.7":
    "integrity" "sha1-32BBeABfUi8V60SQ5yR6G/qmf4w="
    "resolved" "https://registry.npmjs.org/path-to-regexp/-/path-to-regexp-0.1.7.tgz"
    "version" "0.1.7"
  
  "pathval@^1.0.0":
    "integrity" "sha512-Dp6zGqpTdETdR63lehJYPeIOqpiNBNtc7BpWSLrOje7UaIsE5aY92r/AunQA7rsXvet3lrJ3JnZX29UPTKXyKQ=="
    "resolved" "https://registry.npmjs.org/pathval/-/pathval-1.1.1.tgz"
    "version" "1.1.1"
  
  "proxy-addr@~2.0.7":
    "integrity" "sha512-llQsMLSUDUPT44jdrU/O37qlnifitDP+ZwrmmZcoSKyLKvtZxpyV0n2/bD/N4tBAAZ/gJEdZU7KMraoK1+XYAg=="
    "resolved" "https://registry.npmjs.org/proxy-addr/-/proxy-addr-2.0.7.tgz"
    "version" "2.0.7"
    dependencies:
      "forwarded" "0.2.0"
      "ipaddr.js" "1.9.1"
  
  "qs@6.9.6":
    "integrity" "sha512-TIRk4aqYLNoJUbd+g2lEdz5kLWIuTMRagAXxl78Q0RiVjAOugHmeKNGdd3cwo/ktpf9aL9epCfFqWDEKysUlLQ=="
    "resolved" "https://registry.npmjs.org/qs/-/qs-6.9.6.tgz"
    "version" "6.9.6"
  
  "range-parser@~1.2.1":
    "integrity" "sha512-Hrgsx+orqoygnmhFbKaHE6c296J+HTAQXoxEF6gNupROmmGJRoyzfG3ccAveqCBrwr/2yxQ5BVd/GTl5agOwSg=="
    "resolved" "https://registry.npmjs.org/range-parser/-/range-parser-1.2.1.tgz"
    "version" "1.2.1"
  
  "raw-body@2.4.2":
    "integrity" "sha512-RPMAFUJP19WIet/99ngh6Iv8fzAbqum4Li7AD6DtGaW2RpMB/11xDoalPiJMTbu6I3hkbMVkATvZrqb9EEqeeQ=="
    "resolved" "https://registry.npmjs.org/raw-body/-/raw-body-2.4.2.tgz"
    "version" "2.4.2"
    dependencies:
      "bytes" "3.1.1"
      "http-errors" "1.8.1"
      "iconv-lite" "0.4.24"
      "unpipe" "1.0.0"
  
  "safe-buffer@5.2.1":
    "integrity" "sha512-rp3So07KcdmmKbGvgaNxQSJr7bGVSVk5S9Eq1F+ppbRo70+YeaDxkw5Dd8NPN+GD6bjnYm2VuPuCXmpuYvmCXQ=="
    "resolved" "https://registry.npmjs.org/safe-buffer/-/safe-buffer-5.2.1.tgz"
    "version" "5.2.1"
  
  "safer-buffer@>= 2.1.2 < 3":
    "integrity" "sha512-YZo3K82SD7Riyi0E1EQPojLz7kpepnSQI9IyPbHHg1XXXevb5dJI7tpyN2ADxGcQbHG7vcyRHk0cbwqcQriUtg=="
    "resolved" "https://registry.npmjs.org/safer-buffer/-/safer-buffer-2.1.2.tgz"
    "version" "2.1.2"
  
  "samsam@^1.1.3", "samsam@1.x":
    "integrity" "sha512-1HwIYD/8UlOtFS3QO3w7ey+SdSDFE4HRNLZoZRYVQefrOY3l17epswImeB1ijgJFQJodIaHcwkp3r/myBjFVbg=="
    "resolved" "https://registry.npmjs.org/samsam/-/samsam-1.3.0.tgz"
    "version" "1.3.0"
  
  "send@0.17.2":
    "integrity" "sha512-UJYB6wFSJE3G00nEivR5rgWp8c2xXvJ3OPWPhmuteU0IKj8nKbG3DrjiOmLwpnHGYWAVwA69zmTm++YG0Hmwww=="
    "resolved" "https://registry.npmjs.org/send/-/send-0.17.2.tgz"
    "version" "0.17.2"
    dependencies:
      "debug" "2.6.9"
      "depd" "~1.1.2"
      "destroy" "~1.0.4"
      "encodeurl" "~1.0.2"
      "escape-html" "~1.0.3"
      "etag" "~1.8.1"
      "fresh" "0.5.2"
      "http-errors" "1.8.1"
      "mime" "1.6.0"
      "ms" "2.1.3"
      "on-finished" "~2.3.0"
      "range-parser" "~1.2.1"
      "statuses" "~1.5.0"
  
  "serve-static@1.14.2":
    "integrity" "sha512-+TMNA9AFxUEGuC0z2mevogSnn9MXKb4fa7ngeRMJaaGv8vTwnIEkKi+QGvPt33HSnf8pRS+WGM0EbMtCJLKMBQ=="
    "resolved" "https://registry.npmjs.org/serve-static/-/serve-static-1.14.2.tgz"
    "version" "1.14.2"
    dependencies:
      "encodeurl" "~1.0.2"
      "escape-html" "~1.0.3"
      "parseurl" "~1.3.3"
      "send" "0.17.2"
  
  "setprototypeof@1.2.0":
    "integrity" "sha512-E5LDX7Wrp85Kil5bhZv46j8jOeboKq5JMmYM3gVGdGH8xFpPWXUMsNrlODCrkoxMEeNi/XZIwuRvY4XNwYMJpw=="
    "resolved" "https://registry.npmjs.org/setprototypeof/-/setprototypeof-1.2.0.tgz"
    "version" "1.2.0"
  
  "sinon@2.4.1":
    "integrity" "sha512-vFTrO9Wt0ECffDYIPSP/E5bBugt0UjcBQOfQUMh66xzkyPEnhl/vM2LRZi2ajuTdkH07sA6DzrM6KvdvGIH8xw=="
    "resolved" "https://registry.npmjs.org/sinon/-/sinon-2.4.1.tgz"
    "version" "2.4.1"
    dependencies:
      "diff" "^3.1.0"
      "formatio" "1.2.0"
      "lolex" "^1.6.0"
      "native-promise-only" "^0.8.1"
      "path-to-regexp" "^1.7.0"
      "samsam" "^1.1.3"
      "text-encoding" "0.6.4"
      "type-detect" "^4.0.0"
  
  "statuses@>= 1.5.0 < 2", "statuses@~1.5.0":
    "integrity" "sha1-Fhx9rBd2Wf2YEfQ3cfqZOBR4Yow="
    "resolved" "https://registry.npmjs.org/statuses/-/statuses-1.5.0.tgz"
    "version" "1.5.0"
  
  "supports-color@^5.3.0":
    "integrity" "sha512-QjVjwdXIt408MIiAqCX4oUKsgU2EqAGzs2Ppkm4aQYbjm+ZEWEcW4SfFNTr4uMNZma0ey4f5lgLrkB0aX0QMow=="
    "resolved" "https://registry.npmjs.org/supports-color/-/supports-color-5.5.0.tgz"
    "version" "5.5.0"
    dependencies:
      "has-flag" "^3.0.0"
  
  "supports-color@3.1.2":
    "integrity" "sha1-cqJiiU2dQIuVbKBf83su2KbiotU="
    "resolved" "https://registry.npmjs.org/supports-color/-/supports-color-3.1.2.tgz"
    "version" "3.1.2"
    dependencies:
      "has-flag" "^1.0.0"
  
  "text-encoding@0.6.4":
    "integrity" "sha1-45mpgiV6J22uQou5KEXLcb3CbRk="
    "resolved" "https://registry.npmjs.org/text-encoding/-/text-encoding-0.6.4.tgz"
    "version" "0.6.4"
  
  "toidentifier@1.0.1":
    "integrity" "sha512-o5sSPKEkg/DIQNmH43V0/uerLrpzVedkUh8tGNvaeXpfpuwjKenlSox/2O/BTlZUtEe+JG7s5YhEz608PlAHRA=="
    "resolved" "https://registry.npmjs.org/toidentifier/-/toidentifier-1.0.1.tgz"
    "version" "1.0.1"
  
  "type-detect@^3.0.0":
    "integrity" "sha1-RtDMhVOrt7E6NSsNbeov1Y8tm1U="
    "resolved" "https://registry.npmjs.org/type-detect/-/type-detect-3.0.0.tgz"
    "version" "3.0.0"
  
  "type-detect@^4.0.0":
    "integrity" "sha512-0fr/mIH1dlO+x7TlcMy+bIDqKPsw/70tVyeHW787goQjhmqaZe10uwLujubK9q9Lg6Fiho1KUKDYz0Z7k7g5/g=="
    "resolved" "https://registry.npmjs.org/type-detect/-/type-detect-4.0.8.tgz"
    "version" "4.0.8"
  
  "type-is@~1.6.18":
    "integrity" "sha512-TkRKr9sUTxEH8MdfuCSP7VizJyzRNMjj2J2do2Jr3Kym598JVdEksuzPQCnlFPW4ky9Q+iA+ma9BGm06XQBy8g=="
    "resolved" "https://registry.npmjs.org/type-is/-/type-is-1.6.18.tgz"
    "version" "1.6.18"
    dependencies:
      "media-typer" "0.3.0"
      "mime-types" "~2.1.24"
  
  "unpipe@~1.0.0", "unpipe@1.0.0":
    "integrity" "sha1-sr9O6FFKrmFltIF4KdIbLvSZBOw="
    "resolved" "https://registry.npmjs.org/unpipe/-/unpipe-1.0.0.tgz"
    "version" "1.0.0"
  
  "utils-merge@1.0.1":
    "integrity" "sha1-n5VxD1CiZ5R7LMwSR0HBAoQn5xM="
    "resolved" "https://registry.npmjs.org/utils-merge/-/utils-merge-1.0.1.tgz"
    "version" "1.0.1"
  
  "vary@~1.1.2":
    "integrity" "sha1-IpnwLG3tMNSllhsLn3RSShj2NPw="
    "resolved" "https://registry.npmjs.org/vary/-/vary-1.1.2.tgz"
    "version" "1.1.2"
  
  "wrappy@1":
    "integrity" "sha1-tSQ9jz7BqjXxNkYFvA0QNuMKtp8="
    "resolved" "https://registry.npmjs.org/wrappy/-/wrappy-1.0.2.tgz"
    "version" "1.0.2"
